<?xml version="1.0" encoding="UTF-8"?>
<coverage generated="1607740173095" clover="3.2.0">
  <project timestamp="1607740173095" name="All files">
    <metrics statements="14" coveredstatements="14" conditionals="0" coveredconditionals="0" methods="8" coveredmethods="7" elements="22" coveredelements="21" complexity="0" loc="14" ncloc="14" packages="1" files="3" classes="3"/>
    <file name="functions.js" path="/Users/aaa/Desktop/jest/project3/functions.js">
      <metrics statements="10" coveredstatements="10" conditionals="0" coveredconditionals="0" methods="7" coveredmethods="6"/>
      <line num="1" count="1" type="stmt"/>
      <line num="3" count="1" type="stmt"/>
      <line num="4" count="2" type="stmt"/>
      <line num="6" count="1" type="stmt"/>
      <line num="7" count="1" type="stmt"/>
      <line num="8" count="1" type="stmt"/>
      <line num="10" count="2" type="stmt"/>
      <line num="11" count="1" type="stmt"/>
      <line num="15" count="1" type="stmt"/>
      <line num="21" count="1" type="stmt"/>
    </file>
    <file name="jest.config.js" path="/Users/aaa/Desktop/jest/project3/jest.config.js">
      <metrics statements="1" coveredstatements="1" conditionals="0" coveredconditionals="0" methods="0" coveredmethods="0"/>
      <line num="1" count="1" type="stmt"/>
    </file>
    <file name="reverseString.js" path="/Users/aaa/Desktop/jest/project3/reverseString.js">
      <metrics statements="3" coveredstatements="3" conditionals="0" coveredconditionals="0" methods="1" coveredmethods="1"/>
      <line num="1" count="1" type="stmt"/>
      <line num="2" count="2" type="stmt"/>
      <line num="8" count="1" type="stmt"/>
    </file>
  </project>
</coverage>
