{
  "numFailedTestSuites": 0,
  "numFailedTests": 0,
  "numPassedTestSuites": 3,
  "numPassedTests": 9,
  "numPendingTestSuites": 0,
  "numPendingTests": 0,
  "numRuntimeErrorTestSuites": 0,
  "numTodoTests": 0,
  "numTotalTestSuites": 3,
  "numTotalTests": 9,
  "openHandles": [],
  "snapshot": {
    "added": 0,
    "didUpdate": false,
    "failure": false,
    "filesAdded": 0,
    "filesRemoved": 0,
    "filesRemovedList": [],
    "filesUnmatched": 0,
    "filesUpdated": 0,
    "matched": 0,
    "total": 0,
    "unchecked": 0,
    "uncheckedKeysByFile": [],
    "unmatched": 0,
    "updated": 0
  },
  "startTime": 1607850091255,
  "success": false,
  "testResults": [
    {
      "leaks": false,
      "numFailingTests": 0,
      "numPassingTests": 4,
      "numPendingTests": 0,
      "numTodoTests": 0,
      "openHandles": [],
      "perfStats": {
        "end": 1607850093273,
        "runtime": 1227,
        "slow": false,
        "start": 1607850092046
      },
      "skipped": false,
      "snapshot": {
        "added": 0,
        "fileDeleted": false,
        "matched": 0,
        "unchecked": 0,
        "unmatched": 0,
        "updated": 0,
        "uncheckedKeys": []
      },
      "testFilePath": "/Users/aaa/Desktop/jest/jest_project_setup/tests/mockAPI.test.js",
      "testResults": [
        {
          "ancestorTitles": [
            "(MockTest): API testcases"
          ],
          "duration": 6,
          "failureDetails": [],
          "failureMessages": [],
          "fullName": "(MockTest): API testcases user get name data in api",
          "location": null,
          "numPassingAsserts": 0,
          "status": "passed",
          "title": "user get name data in api"
        },
        {
          "ancestorTitles": [
            "(MockTest): API testcases"
          ],
          "duration": 2,
          "failureDetails": [],
          "failureMessages": [],
          "fullName": "(MockTest): API testcases user post name data in api",
          "location": null,
          "numPassingAsserts": 0,
          "status": "passed",
          "title": "user post name data in api"
        },
        {
          "ancestorTitles": [
            "(MockTest): API testcases"
          ],
          "duration": 2,
          "failureDetails": [],
          "failureMessages": [],
          "fullName": "(MockTest): API testcases user put name data in api",
          "location": null,
          "numPassingAsserts": 0,
          "status": "passed",
          "title": "user put name data in api"
        },
        {
          "ancestorTitles": [
            "(MockTest): API testcases"
          ],
          "duration": 4,
          "failureDetails": [],
          "failureMessages": [],
          "fullName": "(MockTest): API testcases user delete name data in api",
          "location": null,
          "numPassingAsserts": 0,
          "status": "passed",
          "title": "user delete name data in api"
        }
      ],
      "failureMessage": null
    },
    {
      "leaks": false,
      "numFailingTests": 0,
      "numPassingTests": 1,
      "numPendingTests": 0,
      "numTodoTests": 0,
      "openHandles": [],
      "perfStats": {
        "end": 1607850093807,
        "runtime": 1691,
        "slow": false,
        "start": 1607850092116
      },
      "skipped": false,
      "snapshot": {
        "added": 0,
        "fileDeleted": false,
        "matched": 0,
        "unchecked": 0,
        "unmatched": 0,
        "updated": 0,
        "uncheckedKeys": []
      },
      "testFilePath": "/Users/aaa/Desktop/jest/jest_project_setup/tests/mountbank.test.js",
      "testResults": [
        {
          "ancestorTitles": [],
          "duration": 57,
          "failureDetails": [],
          "failureMessages": [],
          "fullName": "user get name data in api",
          "location": null,
          "numPassingAsserts": 0,
          "status": "passed",
          "title": "user get name data in api"
        }
      ],
      "failureMessage": null
    },
    {
      "leaks": false,
      "numFailingTests": 0,
      "numPassingTests": 4,
      "numPendingTests": 0,
      "numTodoTests": 0,
      "openHandles": [],
      "perfStats": {
        "end": 1607850095896,
        "runtime": 3915,
        "slow": false,
        "start": 1607850091981
      },
      "skipped": false,
      "snapshot": {
        "added": 0,
        "fileDeleted": false,
        "matched": 0,
        "unchecked": 0,
        "unmatched": 0,
        "updated": 0,
        "uncheckedKeys": []
      },
      "testFilePath": "/Users/aaa/Desktop/jest/jest_project_setup/tests/api_functionality.test.js",
      "testResults": [
        {
          "ancestorTitles": [
            "(ApiTest): API testcases"
          ],
          "duration": 429,
          "failureDetails": [],
          "failureMessages": [],
          "fullName": "(ApiTest): API testcases user post name data in api",
          "location": null,
          "numPassingAsserts": 0,
          "status": "passed",
          "title": "user post name data in api"
        },
        {
          "ancestorTitles": [
            "(ApiTest): API testcases"
          ],
          "duration": 805,
          "failureDetails": [],
          "failureMessages": [],
          "fullName": "(ApiTest): API testcases user post name data in api",
          "location": null,
          "numPassingAsserts": 0,
          "status": "passed",
          "title": "user post name data in api"
        },
        {
          "ancestorTitles": [
            "(ApiTest): API testcases"
          ],
          "duration": 818,
          "failureDetails": [],
          "failureMessages": [],
          "fullName": "(ApiTest): API testcases user put name data in api",
          "location": null,
          "numPassingAsserts": 0,
          "status": "passed",
          "title": "user put name data in api"
        },
        {
          "ancestorTitles": [
            "(ApiTest): API testcases"
          ],
          "duration": 675,
          "failureDetails": [],
          "failureMessages": [],
          "fullName": "(ApiTest): API testcases user delete name data in api",
          "location": null,
          "numPassingAsserts": 0,
          "status": "passed",
          "title": "user delete name data in api"
        }
      ],
      "failureMessage": null
    }
  ],
  "wasInterrupted": false
}