{
  "numFailedTestSuites": 0,
  "numFailedTests": 0,
  "numPassedTestSuites": 2,
  "numPassedTests": 6,
  "numPendingTestSuites": 0,
  "numPendingTests": 0,
  "numRuntimeErrorTestSuites": 0,
  "numTodoTests": 0,
  "numTotalTestSuites": 2,
  "numTotalTests": 6,
  "openHandles": [],
  "snapshot": {
    "added": 0,
    "didUpdate": false,
    "failure": false,
    "filesAdded": 0,
    "filesRemoved": 0,
    "filesRemovedList": [],
    "filesUnmatched": 0,
    "filesUpdated": 0,
    "matched": 0,
    "total": 0,
    "unchecked": 0,
    "uncheckedKeysByFile": [],
    "unmatched": 0,
    "updated": 0
  },
  "startTime": 1607818921681,
  "success": false,
  "testResults": [
    {
      "leaks": false,
      "numFailingTests": 0,
      "numPassingTests": 2,
      "numPendingTests": 0,
      "numTodoTests": 0,
      "openHandles": [],
      "perfStats": {
        "end": 1607818924680,
        "runtime": 1224,
        "slow": false,
        "start": 1607818923456
      },
      "skipped": false,
      "snapshot": {
        "added": 0,
        "fileDeleted": false,
        "matched": 0,
        "unchecked": 0,
        "unmatched": 0,
        "updated": 0,
        "uncheckedKeys": []
      },
      "testFilePath": "/Users/aaa/Desktop/jest/jest_project_setup/tests/mockAPI.test.js",
      "testResults": [
        {
          "ancestorTitles": [
            "API testcases"
          ],
          "duration": 4,
          "failureDetails": [],
          "failureMessages": [],
          "fullName": "API testcases user get name data in api",
          "location": null,
          "numPassingAsserts": 0,
          "status": "passed",
          "title": "user get name data in api"
        },
        {
          "ancestorTitles": [
            "API testcases"
          ],
          "duration": 5,
          "failureDetails": [],
          "failureMessages": [],
          "fullName": "API testcases user post name data in api",
          "location": null,
          "numPassingAsserts": 0,
          "status": "passed",
          "title": "user post name data in api"
        }
      ],
      "failureMessage": null
    },
    {
      "leaks": false,
      "numFailingTests": 0,
      "numPassingTests": 4,
      "numPendingTests": 0,
      "numTodoTests": 0,
      "openHandles": [],
      "perfStats": {
        "end": 1607818928021,
        "runtime": 4462,
        "slow": false,
        "start": 1607818923559
      },
      "skipped": false,
      "snapshot": {
        "added": 0,
        "fileDeleted": false,
        "matched": 0,
        "unchecked": 0,
        "unmatched": 0,
        "updated": 0,
        "uncheckedKeys": []
      },
      "testFilePath": "/Users/aaa/Desktop/jest/jest_project_setup/tests/api_functionality.test.js",
      "testResults": [
        {
          "ancestorTitles": [
            "API testcases"
          ],
          "duration": 517,
          "failureDetails": [],
          "failureMessages": [],
          "fullName": "API testcases user post name data in api",
          "location": null,
          "numPassingAsserts": 0,
          "status": "passed",
          "title": "user post name data in api"
        },
        {
          "ancestorTitles": [
            "API testcases"
          ],
          "duration": 698,
          "failureDetails": [],
          "failureMessages": [],
          "fullName": "API testcases user post name data in api",
          "location": null,
          "numPassingAsserts": 0,
          "status": "passed",
          "title": "user post name data in api"
        },
        {
          "ancestorTitles": [
            "API testcases"
          ],
          "duration": 1167,
          "failureDetails": [],
          "failureMessages": [],
          "fullName": "API testcases user put name data in api",
          "location": null,
          "numPassingAsserts": 0,
          "status": "passed",
          "title": "user put name data in api"
        },
        {
          "ancestorTitles": [
            "API testcases"
          ],
          "duration": 1290,
          "failureDetails": [],
          "failureMessages": [],
          "fullName": "API testcases user delete name data in api",
          "location": null,
          "numPassingAsserts": 0,
          "status": "passed",
          "title": "user delete name data in api"
        }
      ],
      "failureMessage": null
    }
  ],
  "wasInterrupted": false
}